<?xml version="1.0" encoding="UTF-8"?>
<!-- Generated by org.testng.reporters.JUnitReportReporter -->
<testsuite skipped="0" hostname="Ramu-PV" name="ProductsTest.Demo" tests="1" failures="0" timestamp="16 Mar 2022 04:13:05 GMT" time="0.021" errors="0">
  <testcase name="demo" time="0.021" classname="ProductsTest.Demo"/>
</testsuite> <!-- ProductsTest.Demo -->
