<?xml version="1.0" encoding="UTF-8"?>
<!-- Generated by org.testng.reporters.JUnitReportReporter -->
<testsuite skipped="0" hostname="Ramu-PV" name="ProductsTest.CreateProductTest" tests="1" failures="0" timestamp="16 Mar 2022 04:12:42 GMT" time="71.608" errors="0">
  <testcase name="createProduct" time="71.608" classname="ProductsTest.CreateProductTest"/>
</testsuite> <!-- ProductsTest.CreateProductTest -->
